<?xml version="1.0" encoding="UTF-8"?>
<testsuite xmlns:xsi="http://www.w3.org/2001/XMLSchema-instance" xsi:noNamespaceSchemaLocation="https://maven.apache.org/surefire/maven-surefire-plugin/xsd/surefire-test-report-3.0.xsd" version="3.0" name="ebay Search" time="28.94" tests="3" errors="0" skipped="0" failures="0">
  <properties>
[...]
</properties>
  <testcase name="FR01_user searches on ebay" classname="ebay Search" time="17.774">
    <system-out><![CDATA[Sep 24, 2020 9:40:03 PM io.cucumber.junit.Cucumber <init>
WARNING: By default Cucumber is running in --non-strict mode.
This default will change to --strict and --non-strict will be removed.
You can use --strict or @CucumberOptions(strict = true) to suppress this warning



3
 Scenarios (
&amp#27;[32m3 passed&amp#27;[0m
)


9
 Steps (
&amp#27;[32m9 passed&amp#27;[0m
)


0m
28.943s






setup worked
1,352,045 results for mouse
teardown worked
]]></system-out>
    <system-err><![CDATA[SLF4J: Failed to load class "org.slf4j.impl.StaticLoggerBinder".
SLF4J: Defaulting to no-operation (NOP) logger implementation
SLF4J: See http://www.slf4j.org/codes.html#StaticLoggerBinder for further details.
Starting ChromeDriver 85.0.4183.87 (cd6713ebf92fa1cacc0f1a598df280093af0c5d7-refs/branch-heads/4183@{#1689}) on port 39517
Only local connections are allowed.
Please see https://chromedriver.chromium.org/security-considerations for suggestions on keeping ChromeDriver safe.
ChromeDriver was started successfully.
Sep 24, 2020 9:40:09 PM org.openqa.selenium.remote.ProtocolHandshake createSession
INFO: Detected dialect: W3C
]]></system-err>
  </testcase>
  <testcase name="FR01_user searches on ebay" classname="ebay Search" time="7.51">
    <system-out><![CDATA[setup worked
40,434,383 results for t-shirt
teardown worked
]]></system-out>
  </testcase>
  <testcase name="FR01_user searches on ebay" classname="ebay Search" time="3.656">
    <system-out><![CDATA[setup worked
3,872,554 results for earrings
teardown worked
]]></system-out>
  </testcase>
</testsuite>